C:\PhotoAlbum with angular\New\PhotoAlbum.Web\Client\dist\out-tsc\src\app\app.component.js
C:\PhotoAlbum with angular\New\PhotoAlbum.Web\Client\dist\out-tsc\src\app\app.component.js.map
C:\PhotoAlbum with angular\New\PhotoAlbum.Web\Client\dist\out-tsc\src\app\models\parameters.js
C:\PhotoAlbum with angular\New\PhotoAlbum.Web\Client\dist\out-tsc\src\app\models\parameters.js.map
C:\PhotoAlbum with angular\New\PhotoAlbum.Web\Client\dist\out-tsc\src\app\models\like.js
C:\PhotoAlbum with angular\New\PhotoAlbum.Web\Client\dist\out-tsc\src\app\models\like.js.map
C:\PhotoAlbum with angular\New\PhotoAlbum.Web\Client\dist\out-tsc\src\app\models\tag.js
C:\PhotoAlbum with angular\New\PhotoAlbum.Web\Client\dist\out-tsc\src\app\models\tag.js.map
C:\PhotoAlbum with angular\New\PhotoAlbum.Web\Client\dist\out-tsc\src\app\models\post.js
C:\PhotoAlbum with angular\New\PhotoAlbum.Web\Client\dist\out-tsc\src\app\models\post.js.map
C:\PhotoAlbum with angular\New\PhotoAlbum.Web\Client\dist\out-tsc\src\app\services\image.service.js
C:\PhotoAlbum with angular\New\PhotoAlbum.Web\Client\dist\out-tsc\src\app\services\image.service.js.map
C:\PhotoAlbum with angular\New\PhotoAlbum.Web\Client\dist\out-tsc\src\app\services\tag.service.js
C:\PhotoAlbum with angular\New\PhotoAlbum.Web\Client\dist\out-tsc\src\app\services\tag.service.js.map
C:\PhotoAlbum with angular\New\PhotoAlbum.Web\Client\dist\out-tsc\src\app\tag-search\tag-search.component.js
C:\PhotoAlbum with angular\New\PhotoAlbum.Web\Client\dist\out-tsc\src\app\tag-search\tag-search.component.js.map
C:\PhotoAlbum with angular\New\PhotoAlbum.Web\Client\dist\out-tsc\src\app\models\profile.js
C:\PhotoAlbum with angular\New\PhotoAlbum.Web\Client\dist\out-tsc\src\app\models\profile.js.map
C:\PhotoAlbum with angular\New\PhotoAlbum.Web\Client\dist\out-tsc\src\app\list-images\list-images.component.js
C:\PhotoAlbum with angular\New\PhotoAlbum.Web\Client\dist\out-tsc\src\app\list-images\list-images.component.js.map
C:\PhotoAlbum with angular\New\PhotoAlbum.Web\Client\dist\out-tsc\src\app\models\regiter-user.js
C:\PhotoAlbum with angular\New\PhotoAlbum.Web\Client\dist\out-tsc\src\app\models\regiter-user.js.map
C:\PhotoAlbum with angular\New\PhotoAlbum.Web\Client\dist\out-tsc\src\app\services\authentication.service.js
C:\PhotoAlbum with angular\New\PhotoAlbum.Web\Client\dist\out-tsc\src\app\services\authentication.service.js.map
C:\PhotoAlbum with angular\New\PhotoAlbum.Web\Client\dist\out-tsc\src\app\models\update-user.js
C:\PhotoAlbum with angular\New\PhotoAlbum.Web\Client\dist\out-tsc\src\app\models\update-user.js.map
C:\PhotoAlbum with angular\New\PhotoAlbum.Web\Client\dist\out-tsc\src\app\services\user.service.js
C:\PhotoAlbum with angular\New\PhotoAlbum.Web\Client\dist\out-tsc\src\app\services\user.service.js.map
C:\PhotoAlbum with angular\New\PhotoAlbum.Web\Client\dist\out-tsc\src\app\register\register.component.js
C:\PhotoAlbum with angular\New\PhotoAlbum.Web\Client\dist\out-tsc\src\app\register\register.component.js.map
C:\PhotoAlbum with angular\New\PhotoAlbum.Web\Client\dist\out-tsc\src\app\login\login.component.js
C:\PhotoAlbum with angular\New\PhotoAlbum.Web\Client\dist\out-tsc\src\app\login\login.component.js.map
C:\PhotoAlbum with angular\New\PhotoAlbum.Web\Client\dist\out-tsc\src\app\upload-image\upload-image.component.js
C:\PhotoAlbum with angular\New\PhotoAlbum.Web\Client\dist\out-tsc\src\app\upload-image\upload-image.component.js.map
C:\PhotoAlbum with angular\New\PhotoAlbum.Web\Client\dist\out-tsc\src\app\user-profile\user-profile.component.js
C:\PhotoAlbum with angular\New\PhotoAlbum.Web\Client\dist\out-tsc\src\app\user-profile\user-profile.component.js.map
C:\PhotoAlbum with angular\New\PhotoAlbum.Web\Client\dist\out-tsc\src\app\tag-images-list\tag-images-list.component.js
C:\PhotoAlbum with angular\New\PhotoAlbum.Web\Client\dist\out-tsc\src\app\tag-images-list\tag-images-list.component.js.map
C:\PhotoAlbum with angular\New\PhotoAlbum.Web\Client\dist\out-tsc\src\app\logout\logout.component.js
C:\PhotoAlbum with angular\New\PhotoAlbum.Web\Client\dist\out-tsc\src\app\logout\logout.component.js.map
C:\PhotoAlbum with angular\New\PhotoAlbum.Web\Client\dist\out-tsc\src\app\edit-profile\edit-profile.component.js
C:\PhotoAlbum with angular\New\PhotoAlbum.Web\Client\dist\out-tsc\src\app\edit-profile\edit-profile.component.js.map
C:\PhotoAlbum with angular\New\PhotoAlbum.Web\Client\dist\out-tsc\src\app\app-routing.module.js
C:\PhotoAlbum with angular\New\PhotoAlbum.Web\Client\dist\out-tsc\src\app\app-routing.module.js.map
C:\PhotoAlbum with angular\New\PhotoAlbum.Web\Client\dist\out-tsc\src\app\app.module.js
C:\PhotoAlbum with angular\New\PhotoAlbum.Web\Client\dist\out-tsc\src\app\app.module.js.map
C:\PhotoAlbum with angular\New\PhotoAlbum.Web\Client\dist\out-tsc\src\environments\environment.js
C:\PhotoAlbum with angular\New\PhotoAlbum.Web\Client\dist\out-tsc\src\environments\environment.js.map
C:\PhotoAlbum with angular\New\PhotoAlbum.Web\Client\dist\out-tsc\src\main.js
C:\PhotoAlbum with angular\New\PhotoAlbum.Web\Client\dist\out-tsc\src\main.js.map
C:\PhotoAlbum with angular\New\PhotoAlbum.Web\Client\dist\out-tsc\src\polyfills.js
C:\PhotoAlbum with angular\New\PhotoAlbum.Web\Client\dist\out-tsc\src\polyfills.js.map
C:\PhotoAlbum with angular\New\PhotoAlbum.Web\Client\dist\out-tsc\src\test.js
C:\PhotoAlbum with angular\New\PhotoAlbum.Web\Client\dist\out-tsc\src\test.js.map
C:\PhotoAlbum with angular\New\PhotoAlbum.Web\Client\dist\out-tsc\e2e\src\app.po.js
C:\PhotoAlbum with angular\New\PhotoAlbum.Web\Client\dist\out-tsc\e2e\src\app.po.js.map
C:\PhotoAlbum with angular\New\PhotoAlbum.Web\Client\dist\out-tsc\e2e\src\app.e2e-spec.js
C:\PhotoAlbum with angular\New\PhotoAlbum.Web\Client\dist\out-tsc\e2e\src\app.e2e-spec.js.map
C:\PhotoAlbum with angular\New\PhotoAlbum.Web\Client\dist\out-tsc\src\app\app-routing.module.spec.js
C:\PhotoAlbum with angular\New\PhotoAlbum.Web\Client\dist\out-tsc\src\app\app-routing.module.spec.js.map
C:\PhotoAlbum with angular\New\PhotoAlbum.Web\Client\dist\out-tsc\src\app\app.component.spec.js
C:\PhotoAlbum with angular\New\PhotoAlbum.Web\Client\dist\out-tsc\src\app\app.component.spec.js.map
C:\PhotoAlbum with angular\New\PhotoAlbum.Web\Client\dist\out-tsc\src\environments\environment.prod.js
C:\PhotoAlbum with angular\New\PhotoAlbum.Web\Client\dist\out-tsc\src\environments\environment.prod.js.map
C:\PhotoAlbum with angular\New\PhotoAlbum.Web\Client\dist\out-tsc\src\app\edit-profile\edit-profile.component.spec.js
C:\PhotoAlbum with angular\New\PhotoAlbum.Web\Client\dist\out-tsc\src\app\edit-profile\edit-profile.component.spec.js.map
C:\PhotoAlbum with angular\New\PhotoAlbum.Web\Client\dist\out-tsc\src\app\list-images\list-images.component.spec.js
C:\PhotoAlbum with angular\New\PhotoAlbum.Web\Client\dist\out-tsc\src\app\list-images\list-images.component.spec.js.map
C:\PhotoAlbum with angular\New\PhotoAlbum.Web\Client\dist\out-tsc\src\app\login\login.component.spec.js
C:\PhotoAlbum with angular\New\PhotoAlbum.Web\Client\dist\out-tsc\src\app\login\login.component.spec.js.map
C:\PhotoAlbum with angular\New\PhotoAlbum.Web\Client\dist\out-tsc\src\app\logout\logout.component.spec.js
C:\PhotoAlbum with angular\New\PhotoAlbum.Web\Client\dist\out-tsc\src\app\logout\logout.component.spec.js.map
C:\PhotoAlbum with angular\New\PhotoAlbum.Web\Client\dist\out-tsc\src\app\register\register.component.spec.js
C:\PhotoAlbum with angular\New\PhotoAlbum.Web\Client\dist\out-tsc\src\app\register\register.component.spec.js.map
C:\PhotoAlbum with angular\New\PhotoAlbum.Web\Client\dist\out-tsc\src\app\services\authentication.service.spec.js
C:\PhotoAlbum with angular\New\PhotoAlbum.Web\Client\dist\out-tsc\src\app\services\authentication.service.spec.js.map
C:\PhotoAlbum with angular\New\PhotoAlbum.Web\Client\dist\out-tsc\src\app\services\image.service.spec.js
C:\PhotoAlbum with angular\New\PhotoAlbum.Web\Client\dist\out-tsc\src\app\services\image.service.spec.js.map
C:\PhotoAlbum with angular\New\PhotoAlbum.Web\Client\dist\out-tsc\src\app\services\tag.service.spec.js
C:\PhotoAlbum with angular\New\PhotoAlbum.Web\Client\dist\out-tsc\src\app\services\tag.service.spec.js.map
C:\PhotoAlbum with angular\New\PhotoAlbum.Web\Client\dist\out-tsc\src\app\services\user.service.spec.js
C:\PhotoAlbum with angular\New\PhotoAlbum.Web\Client\dist\out-tsc\src\app\services\user.service.spec.js.map
C:\PhotoAlbum with angular\New\PhotoAlbum.Web\Client\dist\out-tsc\src\app\tag-images-list\tag-images-list.component.spec.js
C:\PhotoAlbum with angular\New\PhotoAlbum.Web\Client\dist\out-tsc\src\app\tag-images-list\tag-images-list.component.spec.js.map
C:\PhotoAlbum with angular\New\PhotoAlbum.Web\Client\dist\out-tsc\src\app\tag-search\tag-search.component.spec.js
C:\PhotoAlbum with angular\New\PhotoAlbum.Web\Client\dist\out-tsc\src\app\tag-search\tag-search.component.spec.js.map
C:\PhotoAlbum with angular\New\PhotoAlbum.Web\Client\dist\out-tsc\src\app\upload-image\upload-image.component.spec.js
C:\PhotoAlbum with angular\New\PhotoAlbum.Web\Client\dist\out-tsc\src\app\upload-image\upload-image.component.spec.js.map
C:\PhotoAlbum with angular\New\PhotoAlbum.Web\Client\dist\out-tsc\src\app\user-profile\user-profile.component.spec.js
C:\PhotoAlbum with angular\New\PhotoAlbum.Web\Client\dist\out-tsc\src\app\user-profile\user-profile.component.spec.js.map
